#
# There is insufficient memory for the Java Runtime Environment to continue.
# Native memory allocation (malloc) failed to allocate 1048576 bytes for AllocateHeap
# Possible reasons:
#   The system is out of physical RAM or swap space
#   In 32 bit mode, the process size limit was hit
# Possible solutions:
#   Reduce memory load on the system
#   Increase physical memory or swap space
#   Check if swap backing store is full
#   Use 64 bit Java on a 64 bit OS
#   Decrease Java heap size (-Xmx/-Xms)
#   Decrease number of Java threads
#   Decrease Java thread stack sizes (-Xss)
#   Set larger code cache with -XX:ReservedCodeCacheSize=
# This output file may be truncated or incomplete.
#
#  Out of Memory Error (memory/allocation.inline.hpp:61), pid=9340, tid=0x00000000000036d0
#
# JRE version:  (8.0_92-b14) (build )
# Java VM: Java HotSpot(TM) 64-Bit Server VM (25.92-b14 mixed mode windows-amd64 compressed oops)
# Failed to write core dump. Minidumps are not enabled by default on client versions of Windows
#

---------------  T H R E A D  ---------------

Current thread (0x00000000021d0800):  JavaThread "Unknown thread" [_thread_in_vm, id=14032, stack(0x0000000002070000,0x0000000002170000)]

Stack: [0x0000000002070000,0x0000000002170000]
[error occurred during error reporting (printing stack bounds), id 0xc0000005]

Native frames: (J=compiled Java code, j=interpreted, Vv=VM code, C=native code)


---------------  P R O C E S S  ---------------

Java Threads: ( => current thread )

Other Threads:

=>0x00000000021d0800 (exited) JavaThread "Unknown thread" [_thread_in_vm, id=14032, stack(0x0000000002070000,0x0000000002170000)]

VM state:not at safepoint (normal execution)

VM Mutex/Monitor currently owned by a thread: None

Heap:
 PSYoungGen      total 76288K, used 1310K [0x00000000eab00000, 0x00000000f0000000, 0x0000000100000000)
  eden space 65536K, 2% used [0x00000000eab00000,0x00000000eac47af0,0x00000000eeb00000)
  from space 10752K, 0% used [0x00000000ef580000,0x00000000ef580000,0x00000000f0000000)
  to   space 10752K, 0% used [0x00000000eeb00000,0x00000000eeb00000,0x00000000ef580000)
 ParOldGen       total 175104K, used 0K [0x00000000c0000000, 0x00000000cab00000, 0x00000000eab00000)
  object space 175104K, 0% used [0x00000000c0000000,0x00000000c0000000,0x00000000cab00000)
 Metaspace       used 783K, capacity 1092K, committed 1152K, reserved 1060864K
  class space    used 75K, capacity 384K, committed 384K, reserved 1048576K

Card table byte_map: [0x0000000011690000,0x00000000118a0000] byte_map_base: 0x0000000011090000

Marking Bits: (ParMarkBitMap*) 0x00000000700264f0
 Begin Bits: [0x0000000011e00000, 0x0000000012e00000)
 End Bits:   [0x0000000012e00000, 0x0000000013e00000)

Polling page: 0x0000000001f90000

CodeCache: size=245760Kb used=328Kb max_used=328Kb free=245431Kb
 bounds [0x00000000022d0000, 0x0000000002540000, 0x00000000112d0000]
 total_blobs=58 nmethods=0 adapters=38
 compilation: enabled

Compilation events (0 events):
No events

GC Heap History (0 events):
No events

Deoptimization events (0 events):
No events

Internal exceptions (0 events):
No events

Events (10 events):
Event: 0.077 loading class java/lang/Short
Event: 0.078 loading class java/lang/Short done
Event: 0.078 loading class java/lang/Integer
Event: 0.078 loading class java/lang/Integer done
Event: 0.078 loading class java/lang/Long
Event: 0.078 loading class java/lang/Long done
Event: 0.079 loading class java/lang/NullPointerException
Event: 0.079 loading class java/lang/NullPointerException done
Event: 0.079 loading class java/lang/ArithmeticException
Event: 0.079 loading class java/lang/ArithmeticException done


Dynamic libraries:
0x00007ff7ec0e0000 - 0x00007ff7ec117000 	C:\Program Files\Java\jdk1.8.0_92\bin\java.exe
0x00007ff95bdd0000 - 0x00007ff95bf7a000 	C:\Windows\SYSTEM32\ntdll.dll
0x00007ff959b60000 - 0x00007ff959c9a000 	C:\Windows\system32\KERNEL32.DLL
0x00007ff9592c0000 - 0x00007ff9593cf000 	C:\Windows\system32\KERNELBASE.dll
0x00007ff957d70000 - 0x00007ff957df8000 	C:\Windows\system32\apphelp.dll
0x00007ff94d100000 - 0x00007ff94d14f000 	C:\Windows\AppPatch\AppPatch64\AcGenral.DLL
0x00007ff95b830000 - 0x00007ff95b8d7000 	C:\Windows\system32\msvcrt.dll
0x00007ff958ff0000 - 0x00007ff95901b000 	C:\Windows\SYSTEM32\SspiCli.dll
0x00007ff95b650000 - 0x00007ff95b6a1000 	C:\Windows\system32\SHLWAPI.dll
0x00007ff95b6b0000 - 0x00007ff95b821000 	C:\Windows\system32\USER32.dll
0x00007ff95bb80000 - 0x00007ff95bcf8000 	C:\Windows\system32\ole32.dll
0x00007ff959f20000 - 0x00007ff95b340000 	C:\Windows\system32\SHELL32.dll
0x00007ff9587d0000 - 0x00007ff9587ee000 	C:\Windows\SYSTEM32\USERENV.dll
0x00007ff959a50000 - 0x00007ff959af5000 	C:\Windows\system32\ADVAPI32.dll
0x00007ff94c9c0000 - 0x00007ff94c9db000 	C:\Windows\SYSTEM32\MPR.dll
0x00007ff959ca0000 - 0x00007ff959dd6000 	C:\Windows\system32\RPCRT4.dll
0x00007ff95b550000 - 0x00007ff95b5a7000 	C:\Windows\SYSTEM32\sechost.dll
0x00007ff95b900000 - 0x00007ff95bad6000 	C:\Windows\SYSTEM32\combase.dll
0x00007ff959900000 - 0x00007ff959a44000 	C:\Windows\system32\GDI32.dll
0x00007ff959140000 - 0x00007ff959154000 	C:\Windows\SYSTEM32\profapi.dll
0x00007ff957190000 - 0x00007ff95722f000 	C:\Windows\SYSTEM32\SHCORE.dll
0x00007ff95bb40000 - 0x00007ff95bb74000 	C:\Windows\system32\IMM32.DLL
0x00007ff959de0000 - 0x00007ff959f19000 	C:\Windows\system32\MSCTF.dll
0x00007ff955b40000 - 0x00007ff955d9a000 	C:\Windows\WinSxS\amd64_microsoft.windows.common-controls_6595b64144ccf1df_6.0.9600.17031_none_6242a4b3ecbb55a1\COMCTL32.dll
0x0000000070810000 - 0x00000000708e2000 	C:\Program Files\Java\jdk1.8.0_92\jre\bin\msvcr100.dll
0x000000006f810000 - 0x00000000700a6000 	C:\Program Files\Java\jdk1.8.0_92\jre\bin\server\jvm.dll
0x00007ff9508b0000 - 0x00007ff9508b9000 	C:\Windows\SYSTEM32\WSOCK32.dll
0x00007ff94c9a0000 - 0x00007ff94c9bf000 	C:\Windows\SYSTEM32\WINMM.dll
0x00007ff9528e0000 - 0x00007ff9528ea000 	C:\Windows\SYSTEM32\VERSION.dll
0x00007ff95b8e0000 - 0x00007ff95b8e7000 	C:\Windows\system32\PSAPI.DLL
0x00007ff95b350000 - 0x00007ff95b3a8000 	C:\Windows\system32\WS2_32.dll
0x00007ff94c970000 - 0x00007ff94c99a000 	C:\Windows\SYSTEM32\WINMMBASE.dll
0x00007ff95b8f0000 - 0x00007ff95b8f9000 	C:\Windows\system32\NSI.dll
0x00007ff959600000 - 0x00007ff95964a000 	C:\Windows\SYSTEM32\cfgmgr32.dll
0x00007ff957fe0000 - 0x00007ff958006000 	C:\Windows\SYSTEM32\DEVOBJ.dll
0x0000000070800000 - 0x000000007080f000 	C:\Program Files\Java\jdk1.8.0_92\jre\bin\verify.dll
0x00000000707d0000 - 0x00000000707f9000 	C:\Program Files\Java\jdk1.8.0_92\jre\bin\java.dll
0x00000000707b0000 - 0x00000000707c6000 	C:\Program Files\Java\jdk1.8.0_92\jre\bin\zip.dll

VM Arguments:
jvm_args: -Djava.awt.headless=true -Xmx1024M -Dfile.encoding=windows-1252 -Duser.country=US -Duser.language=en -Duser.variant 
java_command: com.android.dx.command.Main --dex --num-threads=4 --output D:\Android\Test\android-Camera2Basic-master\android-Camera2Basic-master\Application\build\intermediates\pre-dexed\debug\support-annotations-24.1.1_786520efcfd822c83253c0dc6f33c233fe6c687f.jar C:\Android\extras\android\m2repository\com\android\support\support-annotations\24.1.1\support-annotations-24.1.1.jar
java_class_path (initial): C:\Android\build-tools\24.0.1\lib\dx.jar
Launcher Type: SUN_STANDARD

Environment Variables:
PATH=C:\ProgramData\Oracle\Java\javapath;C:\Windows\system32;C:\Windows;C:\Windows\System32\Wbem;C:\Windows\System32\WindowsPowerShell\v1.0\;C:\Program Files (x86)\Skype\Phone\;C:\Program Files (x86)\GtkSharp\2.12\bin;C:\Program Files (x86)\Git\cmd;C:\Program Files\nodejs\;C:\Program Files\Git\cmd;C:\ProgramData\chocolatey\bin;C:\Users\george\AppData\Roaming\npm
USERNAME=george
OS=Windows_NT
PROCESSOR_IDENTIFIER=Intel64 Family 6 Model 42 Stepping 7, GenuineIntel



---------------  S Y S T E M  ---------------

OS: Windows 8.1 , 64 bit Build 9600 (6.3.9600.17056)

CPU:total 4 (2 cores per cpu, 2 threads per core) family 6 model 42 stepping 7, cmov, cx8, fxsr, mmx, sse, sse2, sse3, ssse3, sse4.1, sse4.2, popcnt, avx, aes, clmul, ht, tsc, tscinvbit

Memory: 4k page, physical 16686316k(3366524k free), swap 19832044k(5076k free)

vm_info: Java HotSpot(TM) 64-Bit Server VM (25.92-b14) for windows-amd64 JRE (1.8.0_92-b14), built on Mar 31 2016 21:03:04 by "java_re" with MS VC++ 10.0 (VS2010)

time: Tue Oct 18 07:31:25 2016
elapsed time: 0 seconds (0d 0h 0m 0s)

